<?xml version="1.0" encoding="UTF-8"?>
<testsuite xmlns:xsi="http://www.w3.org/2001/XMLSchema-instance" xsi:noNamespaceSchemaLocation="https://maven.apache.org/surefire/maven-surefire-plugin/xsd/surefire-test-report-3.0.xsd" version="3.0" name="com.example.accessingdatamongodb.service.SearchServiceTest" time="0.313" tests="4" errors="0" skipped="0" failures="0">
  <properties>
[...]
</properties>
  <testcase name="testSendToKafka" classname="com.example.accessingdatamongodb.service.SearchServiceTest" time="0.022">
    <system-out><![CDATA[2024-03-14T11:00:11.432+01:00  INFO 25936 --- [           main] t.c.s.AnnotationConfigContextLoaderUtils : Could not detect default configuration classes for test class [com.example.accessingdatamongodb.service.SearchServiceTest]: SearchServiceTest does not declare any static, non-private, non-final, nested classes annotated with @Configuration.
2024-03-14T11:00:11.453+01:00  INFO 25936 --- [           main] .b.t.c.SpringBootTestContextBootstrapper : Found @SpringBootConfiguration com.example.accessingdatamongodb.AxpeApplication for test class com.example.accessingdatamongodb.service.SearchServiceTest
]]></system-out>
  </testcase>
  <testcase name="testGetSimilarSearchCountWithSearchObject" classname="com.example.accessingdatamongodb.service.SearchServiceTest" time="0.004"/>
  <testcase name="testGetSearch" classname="com.example.accessingdatamongodb.service.SearchServiceTest" time="0.001"/>
  <testcase name="testGetSimilarSearchCountWithSearchId" classname="com.example.accessingdatamongodb.service.SearchServiceTest" time="0.002"/>
</testsuite>